11:16:44[TX]{18}
11:16:44[RX]{04}
11:16:44[TX]OPN5230256C283DB600993CCAECED38857A1F5C2484D7F8AB17B011B6B7F178CA9A1F741433EDE04808D50F53E7D70221B9FA9A73F0EA001B95413D3E7260DA403F0BBD4B988FB8C7212B629AC8D18E2F3644BADD96DB7964E18FD7BFD89B8C656B7B6EC9667CCC2E28025C7B59BBC10FFCD031D7EFEE448ED4DBC9D71D5B3030BB31F2F56EB3FB30F2BDBA64FE3A147A5ED205FA31466DC2792E0916F37DBBE6F017F662AB7C2345A0D1B456533355E9B6A5AD9843E36FEA1BB12E3D22F0DC5699BF5C7E378F274BA87A24879222CD04642975C8A2E1E12352FDCD614069EC35FD3AB6E49A9A6FDF4FF702AB3782752ACBD935D2A8F773F5E6D9817188494C8355361918D3100001{17}y8
11:16:45[RX]OPN000{17}w^
11:16:45[TX]DWK2632B31A43943895CDFEC77B3DA834C9D27425D1BFFB9E75E463D150E936302F27382C2E1D40C705057DA87B04E491F0D672C88B93BE3A49A6A28746873EFA637E2D7519F78FA587769DF4BC81DDB0E669EA0889D338345A6B9615ED543CC959F413EF99CA324DD72C3CC5EF1A65BC8DD9CA821BB51EC376183083A740A94FD4DAA5000003{17}=~
11:16:45[RX]DWK0002562D86CD2C545562C4E7A5B2A5CFDA53E99E26F0086E3B7F725424FDC182676B6EEB8F59C89852743FEEDC82DAFB85A68F445EB2D551E1EA92BF71B7A1A454E64496F7FBEC7DFFFD29EE43BBE7E98DBB4390AD45B0E1B0D067BDD008D21160B3EC53B58EF4FE329641594756C74AAF80EC58B7A9FF2C8D076F639867359BF0D323{17}F{17}
11:16:45[TX]DSP032    OPERACAO        CANCELADA   {17}{0F}{C7}
11:16:45[RX]DSP000{17}9c
11:17:04[TX]{18}
11:17:04[RX]{04}
11:17:04[TX]CLO032                                {17}{C9}{F9}
11:17:05[RX]CLO000{17}{9E}{03}
14:08:49[TX]{18}
14:08:50[RX]{04}
14:08:50[TX]OPN5230256B59724B987985B9C431564DCC34F5605D0160150F5106B271801200DCB0857AB6B6B7B54435E346FC90B99F5A9FB2363ECF79C905FA48510FDC35B2E984EE8E20E367DF33DB3696A6ECA037A6F9C2C0248FB7E6D2553264DDFFC2A97CA9A341C3A8ACC03DE88AE8AC4776D6C60869F9193C63CEC1AADD4BDAC2ACEC1F29B3B1113CCAED7A7530207B70167B6D17276BDB782F231C78A4B4C031B3D51470EE0A8963EC982887170CE61DD51F3F31A44365E284A8D5AF38C34F87851636A3A57FE3A78FDB152FB2A828BCF235306CEBA20C8CC5C86161E64B379F0902D10447C397AF04082DB8AF9CFCD524B8E1AE4ECF8B0270F3A9C4C8FAAB2562576982F84593100001{17}{13}{C4}
14:08:50[RX]OPN000{17}w^
14:08:50[TX]DWK2632D07CE2E1D73FA8BF6E899B7414EB85A42B3B7AA1ED4B82B94648C760BE59559358B65D3A7AC57197B070976F4891D22CC7E441C4ACA8B5DE3E7C751A845F1E05D26D4B7401A1FAFF0EC75917310651067F0FCAC9D72DBA5757673B586CCB84CD64D1FE0B2A6B69FA92731DCB6AB8404C431DB7ADE1966FD80A86AC807AE37711000003{17}>:
14:08:56[RX]DWK000256CF42891190A417A6CA5E9DC2169F424EC241D287E8B902A42370B5DD0D6EE61FB820ECD80B0FEE4826C33C7C300DE276FB3EAAE39D7B5DE43AB93547C8620B74582F84BFCF253CEC857D2AAEA2FC6F8633D88DD656D83E163975CC5C935E2B09886C771C99590B32DB8E9C13D8E411A804594AEAD78EE50FB4B4157DAAD2739B{17}{0F}{B4}
14:08:57[TX]DSP032    OPERACAO        CANCELADA   {17}{0F}{C7}
14:08:57[RX]DSP000{17}9c
14:09:16[TX]GIN00200{17}{EE}{CA}
14:09:16[RX]GIN000100GERTEC              PPC910;3MB;U        0084.0074.0083.0109@1.07001.42 141114   7000941509105911    {17}/{F0}
