15:12:20[TX]{18}
15:12:22[timeout 2000ms]
15:12:22[TX]{18}
15:12:24[timeout 2000ms]
15:12:24[TX]{18}
15:12:26[timeout 2000ms]
15:12:26[TX]{18}
15:12:28[timeout 2000ms]
15:12:28[TX]{18}
15:12:30[timeout 2000ms]
15:12:30[TX]{18}
15:12:32[timeout 2000ms]
15:12:32[TX]CLO032                                {17}{C9}{F9}
15:12:34[TX]{18}
15:12:36[timeout 2000ms]
15:12:36[TX]{18}
15:12:38[timeout 2000ms]
15:12:38[TX]{18}
15:12:40[timeout 2000ms]
15:12:44[TX]{18}
15:12:46[timeout 2000ms]
15:12:46[TX]{18}
15:12:48[timeout 2000ms]
15:12:48[TX]{18}
15:12:50[timeout 2000ms]
15:12:50[TX]{18}
15:12:52[timeout 2000ms]
15:12:52[TX]{18}
15:12:54[timeout 2000ms]
15:12:54[TX]{18}
15:12:56[timeout 2000ms]
15:12:56[TX]CLO032                                {17}{C9}{F9}
15:13:04[TX]{18}
15:13:04[RX]{04}
15:13:04[TX]OPN5230256E94665BBF132C830686BF97B7AF898FC00C7164349DED0EE67C23D08BCCFADDF5C51850454D0AC5A4A3A6F59A7088DEF37CBD733822F7B2E67E9D631B27D709DE4F53E7AFDBAB2A0CE36D4FCC49763C4A52E685E1AA0629C59E16A1CAFE03A3E97E180F885713B33488D5B68000D81B145FDC7079A2637A93AC4B5193835A808264CAF414CCD0594721F87AB5B9172B537FB7FEBAB45DA8001E14F91FCFF2B7F6E23C21CF2BD65C43B8E0C317619F27213FFC9C0AAEF36323A7B9F2976B8B97D81A92A11696F2817ABBA4ADF3B4479D5574EF1584D86481C17A5A8528057C083BA8EBD9CC5963EF4046D7117463DE5DCC6C4A1498A8C63B7CF70DC6DC37F17DF3100001{17}%{D3}
15:13:04[RX]OPN000{17}w^
15:13:04[TX]DWK2632B775C5E19E579E039AFDF888A89F911EDCD0C2969AEDBE8F175E8036049BC61913BD6F8C1FC809B47775B46D56A2B2EFC4FE2458FC1EC36A26F700D2A6412534DE7CB0E7CB22160A0054A619AA3D89726618589BC84FB6131BFF78DDCE27998C5FB67416861749919545A882F40BEBDB39BF16BE08B40895ADBAFFB46F24F999000003{17}p{8A}
15:13:04[RX]DWK0002560A734E0F526E75CF056A4B899FB6B7E5CD746E82A7CD3EEDF4B768289CD6E2F7FC9B404C06C86F807D827F4756D2B875FFE13AE2A8CEFAA66E1269D4A4F51B5723D5F69B2E9C81BFE33618C67274230EA11BCC8B45AD8A76FB35BA625D3D8A45989EB53B677B97E20035D4A89B3E6E741EDB89F85778B78F1D3837216BD40A25{17}6E
15:13:04[TX]{18}
15:13:04[RX]{04}
15:13:04[TX]CLO032                                {17}{C9}{F9}
15:13:05[RX]CLO000{17}{9E}{03}
15:13:08[TX]{18}
15:13:08[RX]{04}
15:13:08[TX]OPN5230256E94665BBF132C830686BF97B7AF898FC00C7164349DED0EE67C23D08BCCFADDF5C51850454D0AC5A4A3A6F59A7088DEF37CBD733822F7B2E67E9D631B27D709DE4F53E7AFDBAB2A0CE36D4FCC49763C4A52E685E1AA0629C59E16A1CAFE03A3E97E180F885713B33488D5B68000D81B145FDC7079A2637A93AC4B5193835A808264CAF414CCD0594721F87AB5B9172B537FB7FEBAB45DA8001E14F91FCFF2B7F6E23C21CF2BD65C43B8E0C317619F27213FFC9C0AAEF36323A7B9F2976B8B97D81A92A11696F2817ABBA4ADF3B4479D5574EF1584D86481C17A5A8528057C083BA8EBD9CC5963EF4046D7117463DE5DCC6C4A1498A8C63B7CF70DC6DC37F17DF3100001{17}%{D3}
15:13:08[RX]OPN000{17}w^
15:13:08[TX]DWK2632B775C5E19E579E039AFDF888A89F911EDCD0C2969AEDBE8F175E8036049BC61913BD6F8C1FC809B47775B46D56A2B2EFC4FE2458FC1EC36A26F700D2A6412534DE7CB0E7CB22160A0054A619AA3D89726618589BC84FB6131BFF78DDCE27998C5FB67416861749919545A882F40BEBDB39BF16BE08B40895ADBAFFB46F24F999000003{17}p{8A}
15:13:09[RX]DWK000256A32FA6DBB24A3B3AB4753817A97317ADAF58F9B86043C3F42537CD4F35485F0DE55B890484BC0C8F3DCDC1FFC84C25E122201E0B95BA8D436BF8ABE6AEE7E71A9E43123BDD28A08B1C95B840DF935216D92005195AAFD92361CFE2D79E9CB5FF634C6590A9AC944B7351B4B88DE2DD2293A6EB644D83A0DCEAE18ED801466219{17}{0A}{0C}
15:13:09[TX]GIN00200{17}{EE}{CA}
15:13:09[RX]GIN000100GERTEC              PPC910;3MB;U        0084.0074.0083.0109@1.07001.42 141114   7000941509105911    {17}/{F0}
15:13:10[TX]GIN00200{17}{EE}{CA}
15:13:10[RX]GIN000100GERTEC              PPC910;3MB;U        0084.0074.0083.0109@1.07001.42 141114   7000941509105911    {17}/{F0}
15:13:10[TX]GIN00200{17}{EE}{CA}
15:13:10[RX]GIN000100GERTEC              PPC910;3MB;U        0084.0074.0083.0109@1.07001.42 141114   7000941509105911    {17}/{F0}
15:13:11[TX]RMC032    TRANSACAO       CANCELADA   {17}{BA}$
15:13:13[RX]RMC000{17}{DF}{92}
15:13:13[TX]{18}
15:13:13[RX]{04}
15:13:13[TX]CLO032                                {17}{C9}{F9}
15:13:13[RX]CLO000{17}{9E}{03}
15:13:15[TX]{18}
15:13:15[RX]{04}
15:13:15[TX]OPN5230256E94665BBF132C830686BF97B7AF898FC00C7164349DED0EE67C23D08BCCFADDF5C51850454D0AC5A4A3A6F59A7088DEF37CBD733822F7B2E67E9D631B27D709DE4F53E7AFDBAB2A0CE36D4FCC49763C4A52E685E1AA0629C59E16A1CAFE03A3E97E180F885713B33488D5B68000D81B145FDC7079A2637A93AC4B5193835A808264CAF414CCD0594721F87AB5B9172B537FB7FEBAB45DA8001E14F91FCFF2B7F6E23C21CF2BD65C43B8E0C317619F27213FFC9C0AAEF36323A7B9F2976B8B97D81A92A11696F2817ABBA4ADF3B4479D5574EF1584D86481C17A5A8528057C083BA8EBD9CC5963EF4046D7117463DE5DCC6C4A1498A8C63B7CF70DC6DC37F17DF3100001{17}%{D3}
15:13:15[RX]OPN000{17}w^
15:13:15[TX]DWK2632B775C5E19E579E039AFDF888A89F911EDCD0C2969AEDBE8F175E8036049BC61913BD6F8C1FC809B47775B46D56A2B2EFC4FE2458FC1EC36A26F700D2A6412534DE7CB0E7CB22160A0054A619AA3D89726618589BC84FB6131BFF78DDCE27998C5FB67416861749919545A882F40BEBDB39BF16BE08B40895ADBAFFB46F24F999000003{17}p{8A}
15:13:15[RX]DWK000256092F005450F133A97D2640C0640E912A5B264F5A12CB8F758937D19490B88E75DD0CF1F23E0E0E01F48316D77BCFC0802260B8159E27D5C6E9B562382C0B8D6C1CD1B8B2BB2C71C208A50CA5C44A86AB35B9ACE1DFF3321C7C5017DFD4B7A22B4010639D0168A74C083E40DE8291F520D3065A53EA5227FA7553EDFD9C99D9C3{17}{88}{95}
15:13:16[TX]DSP032    OPERACAO        CANCELADA   {17}{0F}{C7}
15:13:16[RX]DSP000{17}9c
15:21:43[TX]{18}
15:21:43[RX]{04}
15:21:43[TX]CLO032                                {17}{C9}{F9}
15:21:43[RX]CLO000{17}{9E}{03}
