16:27:57[TX]{18}
16:27:57[RX]{04}
16:27:57[TX]OPN5230256AFB52AC1325AD52A45AC190E2597CD9880F218B7515668226DCC2E188483107AC13F5AEB45CA01DC3CD88D7862134DE1B3BCEF0258A51D63E2866C0D77ED7F5F2909A34838A8C0F752CA65EE18D6546F5046CC37DA274391B0E1FCFF9A2F95CC50C509F2F3F7E6BF61F183C32BEAE0C416C00400901EA6980B18B28082167370EAA91B55155752C896F3554309485C24E526F36D55BC6E76DB274DD701A73F846B506296F4ED9604180C5E3B23D2A82608CC2FE5C14CB55818FB1717208803EF923634FCD491D08A13ACB5EEDE2733C263A8EA379B26879608F9099C3DF818F5671AFB06835A1323A8C7D631CF5D14B79A3F2E19AF58F522EF3E2AFA0B54BD453100001{17}{C3}a
16:27:57[RX]OPN000{17}w^
16:27:57[TX]DWK2632C8EC2A41D8BF59D16798074DF4857EAD330D10839A7FC3A48BB0B8F3F5EA1C2413965D9017C9C98552B2E95F342DB5B7C699AE1FB4C6F0F73F6780AEE192B16045B5B77E015457958F9B7E91D42293E1601F817C03EAF8F702D46B71274E899A11A6DD91FB33646C3A60E00868606D74872D492670238E11F870E4DE6F915129000003{17}*{A8}
16:27:57[RX]DWK0002567E05C901D51507B1AF356E0B8388DB8F8423FA8A9D035445C1DEA25D2B679DBE746FD0796600C4D6C85CE62D17BC7F532880B1435D274F20DD41B7D2CE9BA1CA5EC8D9A68069AF8E1EA8760A046B6C42F86DE2B97B36E5DBB9750C164F63925EE90DE65F5C2D41C35E1E0B4492D26FFFC4E995E4315CBD35C83B35C26D66A5E8{17}s{B8}
16:27:58[TX]{18}
16:27:58[RX]{04}
16:27:58[TX]CLO032                                {17}{C9}{F9}
16:27:58[RX]CLO000{17}{9E}{03}
16:28:01[TX]{18}
16:28:02[RX]{04}
16:28:02[TX]OPN5230256AFB52AC1325AD52A45AC190E2597CD9880F218B7515668226DCC2E188483107AC13F5AEB45CA01DC3CD88D7862134DE1B3BCEF0258A51D63E2866C0D77ED7F5F2909A34838A8C0F752CA65EE18D6546F5046CC37DA274391B0E1FCFF9A2F95CC50C509F2F3F7E6BF61F183C32BEAE0C416C00400901EA6980B18B28082167370EAA91B55155752C896F3554309485C24E526F36D55BC6E76DB274DD701A73F846B506296F4ED9604180C5E3B23D2A82608CC2FE5C14CB55818FB1717208803EF923634FCD491D08A13ACB5EEDE2733C263A8EA379B26879608F9099C3DF818F5671AFB06835A1323A8C7D631CF5D14B79A3F2E19AF58F522EF3E2AFA0B54BD453100001{17}{C3}a
16:28:02[RX]OPN000{17}w^
16:28:02[TX]DWK2632C8EC2A41D8BF59D16798074DF4857EAD330D10839A7FC3A48BB0B8F3F5EA1C2413965D9017C9C98552B2E95F342DB5B7C699AE1FB4C6F0F73F6780AEE192B16045B5B77E015457958F9B7E91D42293E1601F817C03EAF8F702D46B71274E899A11A6DD91FB33646C3A60E00868606D74872D492670238E11F870E4DE6F915129000003{17}*{A8}
16:28:02[RX]DWK00025629707C8B51D0BCA8C3A41082C0D64612465B0E595236803FE347727F5B24DEE386E655DDD57F4F57E599F907B8C861FE18CB27A496AC15919FB13C6A5410C11DB4343A6277FD20C841334F02DBE534D311E2BE28AA84A5EF99219D52B3A8E752ADC2CA4414590D28BAE8C34160F011740CF8F4C5E3C9A827047A94E75554E0D5{17}{A8}(
16:28:02[TX]GIN00200{17}{EE}{CA}
16:28:02[RX]GIN000100GERTEC              PPC910;3MB;U        0084.0074.0083.0109@1.07001.42 141114   7000941509105911    {17}/{F0}
16:28:03[TX]GIN00200{17}{EE}{CA}
16:28:03[RX]GIN000100GERTEC              PPC910;3MB;U        0084.0074.0083.0109@1.07001.42 141114   7000941509105911    {17}/{F0}
16:28:04[TX]GIN00200{17}{EE}{CA}
16:28:04[RX]GIN000100GERTEC              PPC910;3MB;U        0084.0074.0083.0109@1.07001.42 141114   7000941509105911    {17}/{F0}
16:28:04[TX]GIN00200{17}{EE}{CA}
16:28:04[RX]GIN000100GERTEC              PPC910;3MB;U        0084.0074.0083.0109@1.07001.42 141114   7000941509105911    {17}/{F0}
16:28:05[TX]RMC032    TRANSACAO       CANCELADA   {17}{BA}$
16:28:07[RX]RMC000{17}{DF}{92}
16:28:07[TX]{18}
16:28:07[RX]{04}
16:28:07[TX]CLO032                                {17}{C9}{F9}
16:28:07[RX]CLO000{17}{9E}{03}
16:28:10[TX]{18}
16:28:10[RX]{04}
16:28:10[TX]OPN5230256AFB52AC1325AD52A45AC190E2597CD9880F218B7515668226DCC2E188483107AC13F5AEB45CA01DC3CD88D7862134DE1B3BCEF0258A51D63E2866C0D77ED7F5F2909A34838A8C0F752CA65EE18D6546F5046CC37DA274391B0E1FCFF9A2F95CC50C509F2F3F7E6BF61F183C32BEAE0C416C00400901EA6980B18B28082167370EAA91B55155752C896F3554309485C24E526F36D55BC6E76DB274DD701A73F846B506296F4ED9604180C5E3B23D2A82608CC2FE5C14CB55818FB1717208803EF923634FCD491D08A13ACB5EEDE2733C263A8EA379B26879608F9099C3DF818F5671AFB06835A1323A8C7D631CF5D14B79A3F2E19AF58F522EF3E2AFA0B54BD453100001{17}{C3}a
16:28:10[RX]OPN000{17}w^
16:28:10[TX]DWK2632C8EC2A41D8BF59D16798074DF4857EAD330D10839A7FC3A48BB0B8F3F5EA1C2413965D9017C9C98552B2E95F342DB5B7C699AE1FB4C6F0F73F6780AEE192B16045B5B77E015457958F9B7E91D42293E1601F817C03EAF8F702D46B71274E899A11A6DD91FB33646C3A60E00868606D74872D492670238E11F870E4DE6F915129000003{17}*{A8}
16:28:10[RX]DWK0002564D3C30C3775D64C05A9DB6F3D8EB90A1C01FA8B1959EE1E0ECA5E258551CE2FF41870A06019C8651676392830C87626AE6C39F4F25658F170BC16B97047CBB8066212A08C859031183EEAEF7DD4C719F0CEF8CA159616DF42063220688914FE0FC7461DB633FFFA323D5AFA279C78A5E81D1EBB9BC229366178322C89DEA78BE{17}{10}p
16:28:11[TX]DSP032    OPERACAO        CANCELADA   {17}{0F}{C7}
16:28:11[RX]DSP000{17}9c
16:28:13[TX]GIN00200{17}{EE}{CA}
16:28:13[RX]GIN000100GERTEC              PPC910;3MB;U        0084.0074.0083.0109@1.07001.42 141114   7000941509105911    {17}/{F0}
16:28:30[TX]DSP032    OPERACAO        CANCELADA   {17}{0F}{C7}
16:28:30[RX]DSP000{17}9c
16:28:32[TX]{18}
16:28:32[RX]{04}
16:28:32[TX]CLO032                                {17}{C9}{F9}
16:28:32[RX]CLO000{17}{9E}{03}
