10:25:41[TX]{18}
10:25:41[RX]{04}
10:25:41[TX]OPN5230256D14F1143A259D6EE943F05D1E2ACD855D662B722188C607328EAB2EF49C4F3202951E388BBDCC76FAA43042224ED23DA36C1C5CBF762AC8E6558CD97F6497D19CF858EC304D70C528D5E71E42B5D27C35454E94B0F51AE87FD50A5A69723E77BF90D2419F6DEA81503697B68F0894C4BB24032DE58A7039DE925642DF626500E2E427DCA1DFBB6CB2B04971E25FE1B5B606804478F3DC9348B3A4C12A57823DDDEA6DC9FA7394CB4347C469414595C0F35D33A48C81410C0011AAAB561455CDF61771BB0860E9CFE02181289E90DAD7CA2F133B995D81505CC93248E933279E760C9382C273DE8CF932D8FFCC0F3E85EE009B26AFB95E7770FB2F9945960605D3100001{17}{9A}{F6}
10:25:41[RX]OPN000{17}w^
10:25:41[TX]DWK2632E55DC3DB2D4142F9E24839B06C2963D4F3A92E2BCCCFCA5E8EBD8E132C6EDD77F89ADCACE5E05DC170C70ACEF692CA37749C65117CE5D4E086F3B0EB51DAC1022B91D857CDD6B66FED85F55A2A7E40F042A202C08BBF6179A67CAC537CCCBB5ABB0AB8E74A8998668180AA70D0277A5A3D832F8E22137F94323514F4CBF9B791000003{17}t{1F}
10:25:41[RX]DWK0002565C7AAA2FBBF23B02A258C21D111C7C11B34238C62464F26E2674E7BDB186CB1EDDA4BE93A0BC717E1C7C2BA19074D34EA4D0B6498230E579DCF20957401254799A32431A9B4A4FD3B800DED9869FA5E4CB023E403BBAB3941D7ED02D754D432F1F3F1AE6ACA85C3C23CECABAFF7854B83A8E130CFBD53F77F9B2568A634BC0D4{17}8}
10:25:42[TX]{18}
10:25:42[RX]{04}
10:25:42[TX]CLO032                                {17}{C9}{F9}
10:25:42[RX]CLO000{17}{9E}{03}
10:25:45[TX]{18}
10:25:45[RX]{04}
10:25:45[TX]OPN5230256D14F1143A259D6EE943F05D1E2ACD855D662B722188C607328EAB2EF49C4F3202951E388BBDCC76FAA43042224ED23DA36C1C5CBF762AC8E6558CD97F6497D19CF858EC304D70C528D5E71E42B5D27C35454E94B0F51AE87FD50A5A69723E77BF90D2419F6DEA81503697B68F0894C4BB24032DE58A7039DE925642DF626500E2E427DCA1DFBB6CB2B04971E25FE1B5B606804478F3DC9348B3A4C12A57823DDDEA6DC9FA7394CB4347C469414595C0F35D33A48C81410C0011AAAB561455CDF61771BB0860E9CFE02181289E90DAD7CA2F133B995D81505CC93248E933279E760C9382C273DE8CF932D8FFCC0F3E85EE009B26AFB95E7770FB2F9945960605D3100001{17}{9A}{F6}
10:25:45[RX]OPN000{17}w^
10:25:45[TX]DWK2632E55DC3DB2D4142F9E24839B06C2963D4F3A92E2BCCCFCA5E8EBD8E132C6EDD77F89ADCACE5E05DC170C70ACEF692CA37749C65117CE5D4E086F3B0EB51DAC1022B91D857CDD6B66FED85F55A2A7E40F042A202C08BBF6179A67CAC537CCCBB5ABB0AB8E74A8998668180AA70D0277A5A3D832F8E22137F94323514F4CBF9B791000003{17}t{1F}
10:25:45[RX]DWK000256ACC365F5BFAF63359040049C5933D88E833CA64B61510214EE563F6E0E92B125955A34DB8D3B869BEFDED6B2FC8B575043C660EDAE4E96126521222A78C4BB8602045B0DCAB6459DA0B4374D03BAFE83D1B55D5ECE6DF3E6A2B8763FE9B567C21BEA4660B839D0659A0B7E716E22DDCE1F632E28D859CFD1D2805E1B1CBBC30A{17}{92}W
10:25:45[TX]GIN00200{17}{EE}{CA}
10:25:45[RX]GIN000100GERTEC              PPC910;3MB;U        0084.0074.0083.0109@1.07001.42 141114   7000941509105911    {17}/{F0}
10:25:46[TX]GIN00200{17}{EE}{CA}
10:25:46[RX]GIN000100GERTEC              PPC910;3MB;U        0084.0074.0083.0109@1.07001.42 141114   7000941509105911    {17}/{F0}
10:26:02[TX]GIN00200{17}{EE}{CA}
10:26:02[RX]GIN000100GERTEC              PPC910;3MB;U        0084.0074.0083.0109@1.07001.42 141114   7000941509105911    {17}/{F0}
10:26:04[TX]CKE0040010{17}{1E}{09}
10:26:04[TX]{18}
10:26:04[RX]{04}
10:26:04[TX]{18}
10:26:04[RX]{04}
10:26:04[TX]CKE0040010{17}{1E}{09}
10:26:04[TX]{18}
10:26:04[RX]{04}
10:26:04[TX]DSP032 INSIRA OU PASSE    O CARTAO    {17}{18}{E9}
10:26:04[RX]DSP000{17}9c
10:26:04[TX]CKE0041110{17}{C2}{EC}
10:26:13[RX]CKE00000221{17}{00}{13}
10:26:13[TX]GCR0400702000000001500210816102604659FE81F2300{17}\{DF}
10:26:14[RX]NTM000032SELECIONADO:    Debit           {17}{08}{A0}
10:26:16[RX]GCR00034203002070200****************************************************************************37*************************************000********************************************************************************************************16*******************00Debit           220MAIA/GUSTAVO ALMEIDA      26033100*******************00000000076000{17}{93}{E6}
10:26:16[TX]DSP032 PROCESSANDO...                 {17}R{0D}
10:26:16[RX]DSP000{17}9c
10:26:16[TX]DSP032 PROCESSANDO...                 {17}R{0D}
10:26:16[RX]DSP000{17}9c
10:26:16[TX]GOC0860000000015000000000000000001120E239FE3CC7C0610367BB02A4885BB661000000000000000000000000550269F269F279F109F379F36959A9C9F025F2A829F1A9F039F349F06003000{17}{1F}{97}
10:26:16[RX]NTM000032AGUARDE A SENHA                 {17}{86}{F7}
10:26:20[RX]GOC000270200001****************000000000000000000001119F2608FE748801D33BFE169F2701809F10120310A04003220000000000000000000000FF9F3704D18CBF1C9F3602048B950500000480009A032108169C01009F02060000000015005F2A020986820239009F1A0200769F03060000000000009F34034203009F0607A0000000043060000{17}{C0}{07}
10:26:20[TX]DSP032 PROCESSANDO...                 {17}R{0D}
10:26:20[RX]DSP000{17}9c
10:26:21[TX]GIN00200{17}{EE}{CA}
10:26:21[RX]GIN000100GERTEC              PPC910;3MB;U        0084.0074.0083.0109@1.07001.42 141114   7000941509105911    {17}/{F0}
10:26:21[TX]RMC032    TRANSACAO       CANCELADA   {17}{BA}$
10:26:23[RX]NTM000032RETIRE O CARTAO                 {17}IQ
10:26:25[RX]RMC000{17}{DF}{92}
10:26:25[TX]{18}
10:26:25[RX]{04}
10:26:25[TX]CLO032                                {17}{C9}{F9}
10:26:25[RX]CLO000{17}{9E}{03}
10:45:26[TX]{18}
10:45:26[RX]{04}
10:45:26[TX]OPN5230256B0ED97246D713DF1CCC6A360742F0BC12E95B84977F9B8722A074FD83B014CCF91EDF82355B1F19622511F85DB554A8726C99267814474ED1331385A528073134B111BCF68A3D0099055EBDBBE8B1EB2ACDA3F658D5EBDF69DBA4C313FADC89EED07DA67976D791C83154FA0C6BD4264EC031159A2170C47E297322BA127D6CD0E1148F71AE7482D32029B7E8D39362A39EAAC7039E7D02A2ED769AFB43119C74FB1F9BBB3F5A858595CFAF143D4E7FE7F99F2E7C5A97E546555CE354831A1520A6388E84FD6AA98A417ADA0EA542B77F7F3A7E9D6E6E830CA1A99D5F279827E9E07A3268BF912BDC95FFA5E910FC2F673FBE1764B47FDD62E0F0B64796475D33100001{17}p{9B}
10:45:27[RX]OPN000{17}w^
10:45:27[TX]DWK2632EC1EFFFC4FF171BF9171B091FFA25979FCBF9E2DD4E345471CEF3B77C98FE236A156D55253D3E70706FA2385CB43339F294AFF5951CAB5465B9014D070A27DED47E035D9FE4AC02A1680981C6CE53D05D414276CFC83539481D00A34E9072DE72875B7123770F13A588EB19D40EDC30C9C9571B07952DFF2C39C6FE5A7249C35000003{17}{01}*
10:45:27[RX]DWK000256E353C31AF63D0FB7A44DC3547D806A5CF31CE3DA28537542BD01EAEC2373E88EAECBD310EE22697D087E57373FF7B615BB38C9248C3DE0563621D448264C53F959AA6F3CAF410F84E2FE8412EBA26C0A637100EB8D7788CF3A261D9E9BF0539605B24711BFC2B784790E4B9CACA22B67B99C98F43E6ADBF87C7BECBE992D2C9F{17}{F1}{16}
10:45:27[TX]{18}
10:45:27[RX]{04}
10:45:27[TX]CLO032                                {17}{C9}{F9}
10:45:27[RX]CLO000{17}{9E}{03}
10:45:30[TX]{18}
10:45:30[RX]{04}
10:45:30[TX]OPN5230256B0ED97246D713DF1CCC6A360742F0BC12E95B84977F9B8722A074FD83B014CCF91EDF82355B1F19622511F85DB554A8726C99267814474ED1331385A528073134B111BCF68A3D0099055EBDBBE8B1EB2ACDA3F658D5EBDF69DBA4C313FADC89EED07DA67976D791C83154FA0C6BD4264EC031159A2170C47E297322BA127D6CD0E1148F71AE7482D32029B7E8D39362A39EAAC7039E7D02A2ED769AFB43119C74FB1F9BBB3F5A858595CFAF143D4E7FE7F99F2E7C5A97E546555CE354831A1520A6388E84FD6AA98A417ADA0EA542B77F7F3A7E9D6E6E830CA1A99D5F279827E9E07A3268BF912BDC95FFA5E910FC2F673FBE1764B47FDD62E0F0B64796475D33100001{17}p{9B}
10:45:30[RX]OPN000{17}w^
10:45:30[TX]DWK2632EC1EFFFC4FF171BF9171B091FFA25979FCBF9E2DD4E345471CEF3B77C98FE236A156D55253D3E70706FA2385CB43339F294AFF5951CAB5465B9014D070A27DED47E035D9FE4AC02A1680981C6CE53D05D414276CFC83539481D00A34E9072DE72875B7123770F13A588EB19D40EDC30C9C9571B07952DFF2C39C6FE5A7249C35000003{17}{01}*
10:45:30[RX]DWK0002562D63BD0D7113E2C6AADE07EFF00EF7CC5D5A6848691C779EBB865DC6B9428545243A7CF907FB6106F106BE21124E7E6CA02219838768C912C4BD2078B7E525F072F66704B67AA8BD5483E2CAA75F23E0AA0EFAF9B1D099B4BB764A5BFE2F5DA269BCF18D544DD4A812945402607DA45AC3C5096D8C1963EA8D6D9668CF41D3AD{17}3{FD}
10:45:31[TX]GIN00200{17}{EE}{CA}
10:45:31[RX]GIN000100GERTEC              PPC910;3MB;U        0084.0074.0083.0109@1.07001.42 141114   7000941509105911    {17}/{F0}
10:45:31[TX]GIN00200{17}{EE}{CA}
10:45:31[RX]GIN000100GERTEC              PPC910;3MB;U        0084.0074.0083.0109@1.07001.42 141114   7000941509105911    {17}/{F0}
10:45:32[TX]GIN00200{17}{EE}{CA}
10:45:32[RX]GIN000100GERTEC              PPC910;3MB;U        0084.0074.0083.0109@1.07001.42 141114   7000941509105911    {17}/{F0}
10:45:32[TX]RMC032    TRANSACAO       CANCELADA   {17}{BA}$
10:45:34[RX]RMC000{17}{DF}{92}
10:45:34[TX]{18}
10:45:34[RX]{04}
10:45:34[TX]CLO032                                {17}{C9}{F9}
10:45:34[RX]CLO000{17}{9E}{03}
10:45:36[TX]{18}
10:45:36[RX]{04}
10:45:36[TX]OPN5230256B0ED97246D713DF1CCC6A360742F0BC12E95B84977F9B8722A074FD83B014CCF91EDF82355B1F19622511F85DB554A8726C99267814474ED1331385A528073134B111BCF68A3D0099055EBDBBE8B1EB2ACDA3F658D5EBDF69DBA4C313FADC89EED07DA67976D791C83154FA0C6BD4264EC031159A2170C47E297322BA127D6CD0E1148F71AE7482D32029B7E8D39362A39EAAC7039E7D02A2ED769AFB43119C74FB1F9BBB3F5A858595CFAF143D4E7FE7F99F2E7C5A97E546555CE354831A1520A6388E84FD6AA98A417ADA0EA542B77F7F3A7E9D6E6E830CA1A99D5F279827E9E07A3268BF912BDC95FFA5E910FC2F673FBE1764B47FDD62E0F0B64796475D33100001{17}p{9B}
10:45:36[RX]OPN000{17}w^
10:45:36[TX]DWK2632EC1EFFFC4FF171BF9171B091FFA25979FCBF9E2DD4E345471CEF3B77C98FE236A156D55253D3E70706FA2385CB43339F294AFF5951CAB5465B9014D070A27DED47E035D9FE4AC02A1680981C6CE53D05D414276CFC83539481D00A34E9072DE72875B7123770F13A588EB19D40EDC30C9C9571B07952DFF2C39C6FE5A7249C35000003{17}{01}*
10:45:36[RX]DWK000256CF4D85CDE1B6EC9C4552C4CA848743AC04C1AF623F4BFD5C2978CF2C1862ECE216F0388E548A57066321023880B83AFE3EF08F08DAAD66D9641688D75F7DDCA99B6E592E4AFA0B11AA96D3A1362AD435DAECCAFE99778F1717EBCD74B64A1FCC3E5E86613C841E79808FE1D7C159CAF2158C38E6E36E332F7E19548C5E0F45B9{17}{BE}{C3}
10:45:37[TX]DSP032    OPERACAO        CANCELADA   {17}{0F}{C7}
10:45:37[RX]DSP000{17}9c
10:45:38[TX]{18}
10:45:38[RX]{04}
10:45:38[TX]CLO032                                {17}{C9}{F9}
10:45:38[RX]CLO000{17}{9E}{03}
